<?xml version="1.0" encoding="UTF-8"?>
<!-- Generated by org.testng.reporters.JUnitXMLReporter -->
<testsuite hostname="DESKTOP-BPA0BAS" ignored="6" name="UITest" tests="22" failures="3" timestamp="21 Sep 2021 05:30:58 GMT" time="580.312" errors="0">
  <testcase name="abTestingTcAsif" time="2.689" classname="com.ucb.nagad.testcases.AbTestingTcAsif">
    <failure type="java.lang.AssertionError" message="expected [A/B Test Variation 1] but found [A/B Test Control]">
      <![CDATA[java.lang.AssertionError: expected [A/B Test Variation 1] but found [A/B Test Control]
at com.ucb.nagad.testcases.AbTestingTcAsif.abTestingTcAsif(AbTestingTcAsif.java:35)
... Removed 34 stack frames]]>
    </failure>
  </testcase> <!-- abTestingTcAsif -->
  <testcase name="disappearingElementsTcAsif" time="3.486" classname="com.ucb.nagad.testcases.DisappearingElementsTcAsif">
    <failure type="java.lang.AssertionError" message="expected [http://the-internet.herokuapp.com/disappearing_elements] but found [https://the-internet.herokuapp.com/disappearing_elements]">
      <![CDATA[java.lang.AssertionError: expected [http://the-internet.herokuapp.com/disappearing_elements] but found [https://the-internet.herokuapp.com/disappearing_elements]
at com.ucb.nagad.testcases.DisappearingElementsTcAsif.disappearingElementsTcAsif(DisappearingElementsTcAsif.java:25)
... Removed 34 stack frames]]>
    </failure>
  </testcase> <!-- disappearingElementsTcAsif -->
  <testcase name="forgotPasswordTcAsif" time="13.378" classname="com.ucb.nagad.testcases.ForgotPasswordTcAsif"/>
  <testcase name="frameIFrameValidationTcAsif" time="46.023" classname="com.ucb.nagad.testcases.FrameIFrameValidationTcAsif"/>
  <testcase name="notificationMessagesTcAsif" time="16.226" classname="com.ucb.nagad.testcases.NotificationMessagesTcAsif"/>
  <testcase name="addRemoveElementsTcAsif" time="9.987" classname="com.ucb.nagad.testcases.AddRemoveElementsTcAsif"/>
  <testcase name="dragAndDropTcAsif" time="3.466" classname="com.ucb.nagad.testcases.DragAndDropTcAsif">
    <failure type="java.lang.AssertionError" message="expected [http://the-internet.herokuapp.com/drag_and_drop] but found [https://the-internet.herokuapp.com/drag_and_drop]">
      <![CDATA[java.lang.AssertionError: expected [http://the-internet.herokuapp.com/drag_and_drop] but found [https://the-internet.herokuapp.com/drag_and_drop]
at com.ucb.nagad.testcases.DragAndDropTcAsif.dragAndDropTcAsif(DragAndDropTcAsif.java:28)
... Removed 34 stack frames]]>
    </failure>
  </testcase> <!-- dragAndDropTcAsif -->
  <testcase name="horizontalSliderTcAsif" time="7.981" classname="com.ucb.nagad.testcases.HorizontalSliderTcAsif"/>
  <testcase name="redirectLinkTcAsif" time="37.209" classname="com.ucb.nagad.testcases.RedirectLinkTcAsif"/>
  <testcase name="basicAuthTcAsif" time="17.084" classname="com.ucb.nagad.testcases.BasicAuthTcAsif"/>
  <testcase name="dropDownTcAsif" time="28.109" classname="com.ucb.nagad.testcases.DropDownTcAsif"/>
  <testcase name="hoversValidationTcAsif" time="23.54" classname="com.ucb.nagad.testcases.HoversValidationTcAsif"/>
  <testcase name="brokenImageTcAsif" time="6.532" classname="com.ucb.nagad.testcases.BrokenImageTcAsif"/>
  <testcase name="dynamicContentTcAsif" time="13.831" classname="com.ucb.nagad.testcases.DynamicContentTcAsif"/>
  <testcase name="infiniteScrollTcAsif" time="25.097" classname="com.ucb.nagad.testcases.InfiniteScrollTcAsif"/>
  <testcase name="checkBoxTcAsif" time="17.993" classname="com.ucb.nagad.testcases.CheckBoxTcAsif"/>
  <testcase name="fileUploadTcAsif" time="28.217" classname="com.ucb.nagad.testcases.FileUploadTcAsif"/>
  <testcase name="inputsValidationTcAsif" time="8.709" classname="com.ucb.nagad.testcases.InputsValidationTcAsif"/>
  <testcase name="contextMenuTcAsif" time="22.203" classname="com.ucb.nagad.testcases.ContextMenuTcAsif"/>
  <testcase name="dynamicControlsTcAsif" time="39.491" classname="com.ucb.nagad.testcases.DynamicControlsTcAsif"/>
  <testcase name="javaScriptAlertsTcAsif" time="27.985" classname="com.ucb.nagad.testcases.JavaScriptAlertsTcAsif"/>
  <testcase name="multipleWindowsTcAsif" time="14.548" classname="com.ucb.nagad.testcases.MultipleWindowsTcAsif"/>
  <testcase name="userAbleToValidateCreateNewAccount" time="0.0" classname="com.ucb.nagad.testcases.UserAbleToValidateCreateNewAccount">
    <ignored/>
  </testcase> <!-- userAbleToValidateCreateNewAccount -->
  <testcase name="frameValidationTcAsif" time="0.0" classname="com.ucb.nagad.testcases.NestedFrameValidationTcAsif">
    <ignored/>
  </testcase> <!-- frameValidationTcAsif -->
  <testcase name="userAbleToEnterFirstNameLastNameOnTheCreateAccountPopUp" time="0.0" classname="com.ucb.nagad.testcases.UserAbleToEnterFirstNameLastNameOnTheCreateAccountPopUp">
    <ignored/>
  </testcase> <!-- userAbleToEnterFirstNameLastNameOnTheCreateAccountPopUp -->
  <testcase name="digesAuthenticationTcAsif" time="0.0" classname="com.ucb.nagad.testcases.DigestAuthenticationTcAsif">
    <ignored/>
  </testcase> <!-- digesAuthenticationTcAsif -->
  <testcase name="fileDownloadTcAsif" time="0.0" classname="com.ucb.nagad.testcases.FileDownloadTcAsif">
    <ignored/>
  </testcase> <!-- fileDownloadTcAsif -->
  <testcase name="FormAuthenticationTcAsif" time="0.0" classname="com.ucb.nagad.testcases.FormAuthenticationTcAsif">
    <ignored/>
  </testcase> <!-- FormAuthenticationTcAsif -->
</testsuite> <!-- UITest -->
