<html>
<head>
<title>TestNG:  UITest</title>
<link href="../testng.css" rel="stylesheet" type="text/css" />
<link href="../my-testng.css" rel="stylesheet" type="text/css" />

<style type="text/css">
.log { display: none;} 
.stack-trace { display: none;} 
</style>
<script type="text/javascript">
<!--
function flip(e) {
  current = e.style.display;
  if (current == 'block') {
    e.style.display = 'none';
    return 0;
  }
  else {
    e.style.display = 'block';
    return 1;
  }
}

function toggleBox(szDivId, elem, msg1, msg2)
{
  var res = -1;  if (document.getElementById) {
    res = flip(document.getElementById(szDivId));
  }
  else if (document.all) {
    // this is the way old msie versions work
    res = flip(document.all[szDivId]);
  }
  if(elem) {
    if(res == 0) elem.innerHTML = msg1; else elem.innerHTML = msg2;
  }

}

function toggleAllBoxes() {
  if (document.getElementsByTagName) {
    d = document.getElementsByTagName('div');
    for (i = 0; i < d.length; i++) {
      if (d[i].className == 'log') {
        flip(d[i]);
      }
    }
  }
}

// -->
</script>

</head>
<body>
<h2 align='center'>UITest</h2><table border='1' align="center">
<tr>
<td>Tests passed/Failed/Skipped:</td><td>19/3/0</td>
</tr><tr>
<td>Started on:</td><td>Tue Sep 21 11:21:18 BDT 2021</td>
</tr>
<tr><td>Total time:</td><td>580 seconds (580312 ms)</td>
</tr><tr>
<td>Included groups:</td><td></td>
</tr><tr>
<td>Excluded groups:</td><td></td>
</tr>
</table><p/>
<small><i>(Hover the method name to see the test class name)</i></small><p/>
<table width='100%' border='1' class='invocation-failed'>
<tr><td colspan='4' align='center'><b>FAILED TESTS</b></td></tr>
<tr><td><b>Test method</b></td>
<td width="30%"><b>Exception</b></td>
<td width="10%"><b>Time (seconds)</b></td>
<td><b>Instance</b></td>
</tr>
<tr>
<td title='com.ucb.nagad.testcases.AbTestingTcAsif.abTestingTcAsif()'><b>abTestingTcAsif</b><br>Test class: com.ucb.nagad.testcases.AbTestingTcAsif</td>
<td><div><pre>java.lang.AssertionError: expected [A/B Test Variation 1] but found [A/B Test Control]
	at com.ucb.nagad.testcases.AbTestingTcAsif.abTestingTcAsif(AbTestingTcAsif.java:35)
... Removed 34 stack frames</pre></div><a href='#' onClick='toggleBox("stack-trace1987360300", this, "Click to show all stack frames", "Click to hide stack frames")'>Click to show all stack frames</a>
<div class='stack-trace' id='stack-trace1987360300'><pre>java.lang.AssertionError: expected [A/B Test Variation 1] but found [A/B Test Control]
	at org.testng.Assert.fail(Assert.java:96)
	at org.testng.Assert.failNotEquals(Assert.java:776)
	at org.testng.Assert.assertEqualsImpl(Assert.java:137)
	at org.testng.Assert.assertEquals(Assert.java:118)
	at org.testng.Assert.assertEquals(Assert.java:453)
	at org.testng.Assert.assertEquals(Assert.java:463)
	at com.ucb.nagad.testcases.AbTestingTcAsif.abTestingTcAsif(AbTestingTcAsif.java:35)
	at sun.reflect.NativeMethodAccessorImpl.invoke0(Native Method)
	at sun.reflect.NativeMethodAccessorImpl.invoke(NativeMethodAccessorImpl.java:62)
	at sun.reflect.DelegatingMethodAccessorImpl.invoke(DelegatingMethodAccessorImpl.java:43)
	at java.lang.reflect.Method.invoke(Method.java:498)
	at org.testng.internal.MethodInvocationHelper.invokeMethod(MethodInvocationHelper.java:124)
	at org.testng.internal.Invoker.invokeMethod(Invoker.java:583)
	at org.testng.internal.Invoker.invokeTestMethod(Invoker.java:719)
	at org.testng.internal.Invoker.invokeTestMethods(Invoker.java:989)
	at org.testng.internal.TestMethodWorker.invokeTestMethods(TestMethodWorker.java:125)
	at org.testng.internal.TestMethodWorker.run(TestMethodWorker.java:109)
	at org.testng.TestRunner.privateRun(TestRunner.java:648)
	at org.testng.TestRunner.run(TestRunner.java:505)
	at org.testng.SuiteRunner.runTest(SuiteRunner.java:455)
	at org.testng.SuiteRunner.runSequentially(SuiteRunner.java:450)
	at org.testng.SuiteRunner.privateRun(SuiteRunner.java:415)
	at org.testng.SuiteRunner.run(SuiteRunner.java:364)
	at org.testng.SuiteRunnerWorker.runSuite(SuiteRunnerWorker.java:52)
	at org.testng.SuiteRunnerWorker.run(SuiteRunnerWorker.java:84)
	at org.testng.TestNG.runSuitesSequentially(TestNG.java:1208)
	at org.testng.TestNG.runSuitesLocally(TestNG.java:1137)
	at org.testng.TestNG.runSuites(TestNG.java:1049)
	at org.testng.TestNG.run(TestNG.java:1017)
	at org.apache.maven.surefire.testng.TestNGExecutor.run(TestNGExecutor.java:281)
	at org.apache.maven.surefire.testng.TestNGXmlTestSuite.execute(TestNGXmlTestSuite.java:75)
	at org.apache.maven.surefire.testng.TestNGProvider.invoke(TestNGProvider.java:121)
	at org.apache.maven.surefire.booter.ForkedBooter.invokeProviderInSameClassLoader(ForkedBooter.java:290)
	at org.apache.maven.surefire.booter.ForkedBooter.runSuitesInProcess(ForkedBooter.java:242)
	at org.apache.maven.surefire.booter.ForkedBooter.main(ForkedBooter.java:121)
</pre></div></td>
<td>2</td>
<td>com.ucb.nagad.testcases.AbTestingTcAsif@3a03464</td></tr>
<tr>
<td title='com.ucb.nagad.testcases.DisappearingElementsTcAsif.disappearingElementsTcAsif()'><b>disappearingElementsTcAsif</b><br>Test class: com.ucb.nagad.testcases.DisappearingElementsTcAsif</td>
<td><div><pre>java.lang.AssertionError: expected [http://the-internet.herokuapp.com/disappearing_elements] but found [https://the-internet.herokuapp.com/disappearing_elements]
	at com.ucb.nagad.testcases.DisappearingElementsTcAsif.disappearingElementsTcAsif(DisappearingElementsTcAsif.java:25)
... Removed 34 stack frames</pre></div><a href='#' onClick='toggleBox("stack-trace409598930", this, "Click to show all stack frames", "Click to hide stack frames")'>Click to show all stack frames</a>
<div class='stack-trace' id='stack-trace409598930'><pre>java.lang.AssertionError: expected [http://the-internet.herokuapp.com/disappearing_elements] but found [https://the-internet.herokuapp.com/disappearing_elements]
	at org.testng.Assert.fail(Assert.java:96)
	at org.testng.Assert.failNotEquals(Assert.java:776)
	at org.testng.Assert.assertEqualsImpl(Assert.java:137)
	at org.testng.Assert.assertEquals(Assert.java:118)
	at org.testng.Assert.assertEquals(Assert.java:453)
	at org.testng.Assert.assertEquals(Assert.java:463)
	at com.ucb.nagad.testcases.DisappearingElementsTcAsif.disappearingElementsTcAsif(DisappearingElementsTcAsif.java:25)
	at sun.reflect.NativeMethodAccessorImpl.invoke0(Native Method)
	at sun.reflect.NativeMethodAccessorImpl.invoke(NativeMethodAccessorImpl.java:62)
	at sun.reflect.DelegatingMethodAccessorImpl.invoke(DelegatingMethodAccessorImpl.java:43)
	at java.lang.reflect.Method.invoke(Method.java:498)
	at org.testng.internal.MethodInvocationHelper.invokeMethod(MethodInvocationHelper.java:124)
	at org.testng.internal.Invoker.invokeMethod(Invoker.java:583)
	at org.testng.internal.Invoker.invokeTestMethod(Invoker.java:719)
	at org.testng.internal.Invoker.invokeTestMethods(Invoker.java:989)
	at org.testng.internal.TestMethodWorker.invokeTestMethods(TestMethodWorker.java:125)
	at org.testng.internal.TestMethodWorker.run(TestMethodWorker.java:109)
	at org.testng.TestRunner.privateRun(TestRunner.java:648)
	at org.testng.TestRunner.run(TestRunner.java:505)
	at org.testng.SuiteRunner.runTest(SuiteRunner.java:455)
	at org.testng.SuiteRunner.runSequentially(SuiteRunner.java:450)
	at org.testng.SuiteRunner.privateRun(SuiteRunner.java:415)
	at org.testng.SuiteRunner.run(SuiteRunner.java:364)
	at org.testng.SuiteRunnerWorker.runSuite(SuiteRunnerWorker.java:52)
	at org.testng.SuiteRunnerWorker.run(SuiteRunnerWorker.java:84)
	at org.testng.TestNG.runSuitesSequentially(TestNG.java:1208)
	at org.testng.TestNG.runSuitesLocally(TestNG.java:1137)
	at org.testng.TestNG.runSuites(TestNG.java:1049)
	at org.testng.TestNG.run(TestNG.java:1017)
	at org.apache.maven.surefire.testng.TestNGExecutor.run(TestNGExecutor.java:281)
	at org.apache.maven.surefire.testng.TestNGXmlTestSuite.execute(TestNGXmlTestSuite.java:75)
	at org.apache.maven.surefire.testng.TestNGProvider.invoke(TestNGProvider.java:121)
	at org.apache.maven.surefire.booter.ForkedBooter.invokeProviderInSameClassLoader(ForkedBooter.java:290)
	at org.apache.maven.surefire.booter.ForkedBooter.runSuitesInProcess(ForkedBooter.java:242)
	at org.apache.maven.surefire.booter.ForkedBooter.main(ForkedBooter.java:121)
</pre></div></td>
<td>3</td>
<td>com.ucb.nagad.testcases.DisappearingElementsTcAsif@366e2eef</td></tr>
<tr>
<td title='com.ucb.nagad.testcases.DragAndDropTcAsif.dragAndDropTcAsif()'><b>dragAndDropTcAsif</b><br>Test class: com.ucb.nagad.testcases.DragAndDropTcAsif</td>
<td><div><pre>java.lang.AssertionError: expected [http://the-internet.herokuapp.com/drag_and_drop] but found [https://the-internet.herokuapp.com/drag_and_drop]
	at com.ucb.nagad.testcases.DragAndDropTcAsif.dragAndDropTcAsif(DragAndDropTcAsif.java:28)
... Removed 34 stack frames</pre></div><a href='#' onClick='toggleBox("stack-trace577734751", this, "Click to show all stack frames", "Click to hide stack frames")'>Click to show all stack frames</a>
<div class='stack-trace' id='stack-trace577734751'><pre>java.lang.AssertionError: expected [http://the-internet.herokuapp.com/drag_and_drop] but found [https://the-internet.herokuapp.com/drag_and_drop]
	at org.testng.Assert.fail(Assert.java:96)
	at org.testng.Assert.failNotEquals(Assert.java:776)
	at org.testng.Assert.assertEqualsImpl(Assert.java:137)
	at org.testng.Assert.assertEquals(Assert.java:118)
	at org.testng.Assert.assertEquals(Assert.java:453)
	at org.testng.Assert.assertEquals(Assert.java:463)
	at com.ucb.nagad.testcases.DragAndDropTcAsif.dragAndDropTcAsif(DragAndDropTcAsif.java:28)
	at sun.reflect.NativeMethodAccessorImpl.invoke0(Native Method)
	at sun.reflect.NativeMethodAccessorImpl.invoke(NativeMethodAccessorImpl.java:62)
	at sun.reflect.DelegatingMethodAccessorImpl.invoke(DelegatingMethodAccessorImpl.java:43)
	at java.lang.reflect.Method.invoke(Method.java:498)
	at org.testng.internal.MethodInvocationHelper.invokeMethod(MethodInvocationHelper.java:124)
	at org.testng.internal.Invoker.invokeMethod(Invoker.java:583)
	at org.testng.internal.Invoker.invokeTestMethod(Invoker.java:719)
	at org.testng.internal.Invoker.invokeTestMethods(Invoker.java:989)
	at org.testng.internal.TestMethodWorker.invokeTestMethods(TestMethodWorker.java:125)
	at org.testng.internal.TestMethodWorker.run(TestMethodWorker.java:109)
	at org.testng.TestRunner.privateRun(TestRunner.java:648)
	at org.testng.TestRunner.run(TestRunner.java:505)
	at org.testng.SuiteRunner.runTest(SuiteRunner.java:455)
	at org.testng.SuiteRunner.runSequentially(SuiteRunner.java:450)
	at org.testng.SuiteRunner.privateRun(SuiteRunner.java:415)
	at org.testng.SuiteRunner.run(SuiteRunner.java:364)
	at org.testng.SuiteRunnerWorker.runSuite(SuiteRunnerWorker.java:52)
	at org.testng.SuiteRunnerWorker.run(SuiteRunnerWorker.java:84)
	at org.testng.TestNG.runSuitesSequentially(TestNG.java:1208)
	at org.testng.TestNG.runSuitesLocally(TestNG.java:1137)
	at org.testng.TestNG.runSuites(TestNG.java:1049)
	at org.testng.TestNG.run(TestNG.java:1017)
	at org.apache.maven.surefire.testng.TestNGExecutor.run(TestNGExecutor.java:281)
	at org.apache.maven.surefire.testng.TestNGXmlTestSuite.execute(TestNGXmlTestSuite.java:75)
	at org.apache.maven.surefire.testng.TestNGProvider.invoke(TestNGProvider.java:121)
	at org.apache.maven.surefire.booter.ForkedBooter.invokeProviderInSameClassLoader(ForkedBooter.java:290)
	at org.apache.maven.surefire.booter.ForkedBooter.runSuitesInProcess(ForkedBooter.java:242)
	at org.apache.maven.surefire.booter.ForkedBooter.main(ForkedBooter.java:121)
</pre></div></td>
<td>3</td>
<td>com.ucb.nagad.testcases.DragAndDropTcAsif@6df97b55</td></tr>
</table><p>
<table width='100%' border='1' class='invocation-passed'>
<tr><td colspan='4' align='center'><b>PASSED TESTS</b></td></tr>
<tr><td><b>Test method</b></td>
<td width="30%"><b>Exception</b></td>
<td width="10%"><b>Time (seconds)</b></td>
<td><b>Instance</b></td>
</tr>
<tr>
<td title='com.ucb.nagad.testcases.AddRemoveElementsTcAsif.addRemoveElementsTcAsif()'><b>addRemoveElementsTcAsif</b><br>Test class: com.ucb.nagad.testcases.AddRemoveElementsTcAsif</td>
<td></td>
<td>9</td>
<td>com.ucb.nagad.testcases.AddRemoveElementsTcAsif@2d3fcdbd</td></tr>
<tr>
<td title='com.ucb.nagad.testcases.BasicAuthTcAsif.basicAuthTcAsif()'><b>basicAuthTcAsif</b><br>Test class: com.ucb.nagad.testcases.BasicAuthTcAsif</td>
<td></td>
<td>17</td>
<td>com.ucb.nagad.testcases.BasicAuthTcAsif@617c74e5</td></tr>
<tr>
<td title='com.ucb.nagad.testcases.BrokenImageTcAsif.brokenImageTcAsif()'><b>brokenImageTcAsif</b><br>Test class: com.ucb.nagad.testcases.BrokenImageTcAsif</td>
<td></td>
<td>6</td>
<td>com.ucb.nagad.testcases.BrokenImageTcAsif@6537cf78</td></tr>
<tr>
<td title='com.ucb.nagad.testcases.CheckBoxTcAsif.checkBoxTcAsif()'><b>checkBoxTcAsif</b><br>Test class: com.ucb.nagad.testcases.CheckBoxTcAsif</td>
<td></td>
<td>17</td>
<td>com.ucb.nagad.testcases.CheckBoxTcAsif@67b6d4ae</td></tr>
<tr>
<td title='com.ucb.nagad.testcases.ContextMenuTcAsif.contextMenuTcAsif()'><b>contextMenuTcAsif</b><br>Test class: com.ucb.nagad.testcases.ContextMenuTcAsif</td>
<td></td>
<td>22</td>
<td>com.ucb.nagad.testcases.ContextMenuTcAsif@34b7bfc0</td></tr>
<tr>
<td title='com.ucb.nagad.testcases.DropDownTcAsif.dropDownTcAsif()'><b>dropDownTcAsif</b><br>Test class: com.ucb.nagad.testcases.DropDownTcAsif</td>
<td></td>
<td>28</td>
<td>com.ucb.nagad.testcases.DropDownTcAsif@3cbbc1e0</td></tr>
<tr>
<td title='com.ucb.nagad.testcases.DynamicContentTcAsif.dynamicContentTcAsif()'><b>dynamicContentTcAsif</b><br>Test class: com.ucb.nagad.testcases.DynamicContentTcAsif</td>
<td></td>
<td>13</td>
<td>com.ucb.nagad.testcases.DynamicContentTcAsif@35fb3008</td></tr>
<tr>
<td title='com.ucb.nagad.testcases.DynamicControlsTcAsif.dynamicControlsTcAsif()'><b>dynamicControlsTcAsif</b><br>Test class: com.ucb.nagad.testcases.DynamicControlsTcAsif</td>
<td></td>
<td>39</td>
<td>com.ucb.nagad.testcases.DynamicControlsTcAsif@54a097cc</td></tr>
<tr>
<td title='com.ucb.nagad.testcases.FileUploadTcAsif.fileUploadTcAsif()'><b>fileUploadTcAsif</b><br>Test class: com.ucb.nagad.testcases.FileUploadTcAsif</td>
<td></td>
<td>28</td>
<td>com.ucb.nagad.testcases.FileUploadTcAsif@7225790e</td></tr>
<tr>
<td title='com.ucb.nagad.testcases.ForgotPasswordTcAsif.forgotPasswordTcAsif()'><b>forgotPasswordTcAsif</b><br>Test class: com.ucb.nagad.testcases.ForgotPasswordTcAsif</td>
<td></td>
<td>13</td>
<td>com.ucb.nagad.testcases.ForgotPasswordTcAsif@36f6e879</td></tr>
<tr>
<td title='com.ucb.nagad.testcases.FrameIFrameValidationTcAsif.frameIFrameValidationTcAsif()'><b>frameIFrameValidationTcAsif</b><br>Test class: com.ucb.nagad.testcases.FrameIFrameValidationTcAsif</td>
<td></td>
<td>46</td>
<td>com.ucb.nagad.testcases.FrameIFrameValidationTcAsif@5a61f5df</td></tr>
<tr>
<td title='com.ucb.nagad.testcases.HorizontalSliderTcAsif.horizontalSliderTcAsif()'><b>horizontalSliderTcAsif</b><br>Test class: com.ucb.nagad.testcases.HorizontalSliderTcAsif</td>
<td></td>
<td>7</td>
<td>com.ucb.nagad.testcases.HorizontalSliderTcAsif@3551a94</td></tr>
<tr>
<td title='com.ucb.nagad.testcases.HoversValidationTcAsif.hoversValidationTcAsif()'><b>hoversValidationTcAsif</b><br>Test class: com.ucb.nagad.testcases.HoversValidationTcAsif</td>
<td></td>
<td>23</td>
<td>com.ucb.nagad.testcases.HoversValidationTcAsif@531be3c5</td></tr>
<tr>
<td title='com.ucb.nagad.testcases.InfiniteScrollTcAsif.infiniteScrollTcAsif()'><b>infiniteScrollTcAsif</b><br>Test class: com.ucb.nagad.testcases.InfiniteScrollTcAsif</td>
<td></td>
<td>25</td>
<td>com.ucb.nagad.testcases.InfiniteScrollTcAsif@52af6cff</td></tr>
<tr>
<td title='com.ucb.nagad.testcases.InputsValidationTcAsif.inputsValidationTcAsif()'><b>inputsValidationTcAsif</b><br>Test class: com.ucb.nagad.testcases.InputsValidationTcAsif</td>
<td></td>
<td>8</td>
<td>com.ucb.nagad.testcases.InputsValidationTcAsif@735b478</td></tr>
<tr>
<td title='com.ucb.nagad.testcases.JavaScriptAlertsTcAsif.javaScriptAlertsTcAsif()'><b>javaScriptAlertsTcAsif</b><br>Test class: com.ucb.nagad.testcases.JavaScriptAlertsTcAsif</td>
<td></td>
<td>27</td>
<td>com.ucb.nagad.testcases.JavaScriptAlertsTcAsif@2c9f9fb0</td></tr>
<tr>
<td title='com.ucb.nagad.testcases.MultipleWindowsTcAsif.multipleWindowsTcAsif()'><b>multipleWindowsTcAsif</b><br>Test class: com.ucb.nagad.testcases.MultipleWindowsTcAsif</td>
<td></td>
<td>14</td>
<td>com.ucb.nagad.testcases.MultipleWindowsTcAsif@2096442d</td></tr>
<tr>
<td title='com.ucb.nagad.testcases.NotificationMessagesTcAsif.notificationMessagesTcAsif()'><b>notificationMessagesTcAsif</b><br>Test class: com.ucb.nagad.testcases.NotificationMessagesTcAsif</td>
<td></td>
<td>16</td>
<td>com.ucb.nagad.testcases.NotificationMessagesTcAsif@9f70c54</td></tr>
<tr>
<td title='com.ucb.nagad.testcases.RedirectLinkTcAsif.redirectLinkTcAsif()'><b>redirectLinkTcAsif</b><br>Test class: com.ucb.nagad.testcases.RedirectLinkTcAsif</td>
<td></td>
<td>37</td>
<td>com.ucb.nagad.testcases.RedirectLinkTcAsif@234bef66</td></tr>
</table><p>
</body>
</html>